<?xml version="1.0" encoding="UTF-8"?>
<!-- Generated by org.testng.reporters.JUnitReportReporter -->
<testsuite hostname="DESKTOP-4R9RIIG" failures="0" tests="1" name="com.herokuapp.Dropdown" time="4.879" errors="0" timestamp="2023-07-12T20:08:17 EEST" skipped="0">
  <testcase classname="com.herokuapp.Dropdown" name="dropdownTest" time="4.879"/>
</testsuite> <!-- com.herokuapp.Dropdown -->
